<?xml version="1.0" encoding="UTF-8"?>
<!-- Generated by org.testng.reporters.JUnitXMLReporter -->
<testsuite ignored="2" hostname="tejas" failures="0" tests="3" name="Test" time="0.082" errors="0" timestamp="2022-08-14T16:24:32 IST">
  <testcase classname="TNG.test_grp" name="m5" time="0.02"/>
  <testcase classname="TNG.test_grp" name="m4" time="0.001"/>
  <testcase classname="TNG.test_grp" name="m3" time="0.003"/>
  <testcase classname="TNG.test_grp" name="m1" time="0.0">
    <ignored/>
  </testcase> <!-- m1 -->
  <testcase classname="TNG.test_grp" name="m2" time="0.0">
    <ignored/>
  </testcase> <!-- m2 -->
</testsuite> <!-- Test -->
