<?xml version="1.0" encoding="UTF-8"?>
<testng-results ignored="0" total="1" passed="1" failed="0" skipped="0">
  <reporter-output>
  </reporter-output>
  <suite started-at="2022-08-18T15:59:02 IST" name="Suite" finished-at="2022-08-18T16:00:07 IST" duration-ms="64717">
    <groups>
    </groups>
    <test started-at="2022-08-18T15:59:02 IST" name="Test_edge" finished-at="2022-08-18T16:00:07 IST" duration-ms="64717">
      <class name="cb.testScroll">
        <test-method is-config="true" signature="bm(java.lang.String)[pri:0, instance:cb.testScroll@1da2cb77]" started-at="2022-08-18T15:59:02 IST" name="bm" finished-at="2022-08-18T16:00:06 IST" duration-ms="63722" status="PASS">
          <params>
            <param index="0">
              <value>
                <![CDATA[edge]]>
              </value>
            </param>
          </params>
          <reporter-output>
          </reporter-output>
        </test-method> <!-- bm -->
        <test-method signature="scroll()[pri:0, instance:cb.testScroll@1da2cb77]" started-at="2022-08-18T16:00:06 IST" name="scroll" finished-at="2022-08-18T16:00:06 IST" duration-ms="97" status="PASS">
          <reporter-output>
          </reporter-output>
        </test-method> <!-- scroll -->
        <test-method is-config="true" signature="am()[pri:0, instance:cb.testScroll@1da2cb77]" started-at="2022-08-18T16:00:06 IST" name="am" finished-at="2022-08-18T16:00:07 IST" duration-ms="683" status="PASS">
          <reporter-output>
          </reporter-output>
        </test-method> <!-- am -->
      </class> <!-- cb.testScroll -->
    </test> <!-- Test_edge -->
  </suite> <!-- Suite -->
</testng-results>
