<?xml version="1.0" encoding="UTF-8"?>
<!-- Generated by org.testng.reporters.JUnitXMLReporter -->
<testsuite ignored="1" hostname="tejas" failures="0" tests="4" name="Test" time="0.092" errors="0" timestamp="2022-08-14T15:00:27 IST">
  <testcase classname="TNG.testkey" name="a" time="0.012"/>
  <testcase classname="TNG.testkey" name="c" time="0.006"/>
  <testcase classname="TNG.testkey" name="c" time="0.001"/>
  <testcase classname="TNG.testkey" name="d" time="0.013"/>
  <testcase classname="TNG.testkey" name="b" time="0.0">
    <ignored/>
  </testcase> <!-- b -->
</testsuite> <!-- Test -->
